2020-01-22T15:43:53.540+0000 I  CONTROL  [main] Automatically disabling TLS 1.0, to force-enable TLS 1.0 specify --sslDisabledProtocols 'none'
2020-01-22T15:43:53.545+0000 I  CONTROL  [initandlisten] MongoDB starting : pid=5510 port=27017 dbpath=/Users/user/Documents/Maria/pymongo/db/ 64-bit host=iMac-de-User.Home
2020-01-22T15:43:53.546+0000 I  CONTROL  [initandlisten] db version v4.2.2
2020-01-22T15:43:53.547+0000 I  CONTROL  [initandlisten] git version: a0bbbff6ada159e19298d37946ac8dc4b497eadf
2020-01-22T15:43:53.547+0000 I  CONTROL  [initandlisten] allocator: system
2020-01-22T15:43:53.548+0000 I  CONTROL  [initandlisten] modules: enterprise 
2020-01-22T15:43:53.549+0000 I  CONTROL  [initandlisten] build environment:
2020-01-22T15:43:53.549+0000 I  CONTROL  [initandlisten]     distarch: x86_64
2020-01-22T15:43:53.550+0000 I  CONTROL  [initandlisten]     target_arch: x86_64
2020-01-22T15:43:53.551+0000 I  CONTROL  [initandlisten] options: { config: "/Users/user/Documents/Maria/pymongo/mongod.conf", net: { bindIp: "127.0.0.1", port: 27017 }, processManagement: { fork: true }, setParameter: { enableLocalhostAuthBypass: "false" }, storage: { dbPath: "/Users/user/Documents/Maria/pymongo/db/", journal: { enabled: true } }, systemLog: { destination: "file", logAppend: true, path: "/Users/user/Documents/Maria/pymongo/mongod.log" } }
2020-01-22T15:43:53.552+0000 I  STORAGE  [initandlisten] Detected data files in /Users/user/Documents/Maria/pymongo/db/ created by the 'wiredTiger' storage engine, so setting the active storage engine to 'wiredTiger'.
2020-01-22T15:43:53.553+0000 I  STORAGE  [initandlisten] wiredtiger_open config: create,cache_size=7680M,cache_overflow=(file_max=0M),session_max=33000,eviction=(threads_min=4,threads_max=4),config_base=false,statistics=(fast),log=(enabled=true,archive=true,path=journal,compressor=snappy),file_manager=(close_idle_time=100000,close_scan_interval=10,close_handle_minimum=250),statistics_log=(wait=0),verbose=[recovery_progress,checkpoint_progress],
2020-01-22T15:43:54.383+0000 I  STORAGE  [initandlisten] WiredTiger message [1579707834:383377][5510:0x112edadc0], txn-recover: Recovering log 2 through 3
2020-01-22T15:43:54.420+0000 I  STORAGE  [initandlisten] WiredTiger message [1579707834:420788][5510:0x112edadc0], txn-recover: Recovering log 3 through 3
2020-01-22T15:43:54.468+0000 I  STORAGE  [initandlisten] WiredTiger message [1579707834:468598][5510:0x112edadc0], txn-recover: Main recovery loop: starting at 2/84480 to 3/256
2020-01-22T15:43:54.539+0000 I  STORAGE  [initandlisten] WiredTiger message [1579707834:539291][5510:0x112edadc0], txn-recover: Recovering log 2 through 3
2020-01-22T15:43:54.682+0000 I  STORAGE  [initandlisten] WiredTiger message [1579707834:682532][5510:0x112edadc0], txn-recover: Recovering log 3 through 3
2020-01-22T15:43:54.722+0000 I  STORAGE  [initandlisten] WiredTiger message [1579707834:722021][5510:0x112edadc0], txn-recover: Set global recovery timestamp: (0,0)
2020-01-22T15:43:55.781+0000 I  RECOVERY [initandlisten] WiredTiger recoveryTimestamp. Ts: Timestamp(0, 0)
2020-01-22T15:43:55.785+0000 I  STORAGE  [initandlisten] Timestamp monitor starting
2020-01-22T15:43:55.860+0000 I  CONTROL  [initandlisten] 
2020-01-22T15:43:55.862+0000 I  CONTROL  [initandlisten] ** WARNING: Access control is not enabled for the database.
2020-01-22T15:43:55.863+0000 I  CONTROL  [initandlisten] **          Read and write access to data and configuration is unrestricted.
2020-01-22T15:43:55.864+0000 I  CONTROL  [initandlisten] 
2020-01-22T15:43:55.867+0000 I  SHARDING [initandlisten] Marking collection local.system.replset as collection version: <unsharded>
2020-01-22T15:43:55.869+0000 I  STORAGE  [initandlisten] Flow Control is enabled on this deployment.
2020-01-22T15:43:55.870+0000 I  SHARDING [initandlisten] Marking collection admin.system.roles as collection version: <unsharded>
2020-01-22T15:43:55.870+0000 I  SHARDING [initandlisten] Marking collection admin.system.version as collection version: <unsharded>
2020-01-22T15:43:55.872+0000 I  SHARDING [initandlisten] Marking collection local.startup_log as collection version: <unsharded>
2020-01-22T15:43:55.873+0000 I  FTDC     [initandlisten] Initializing full-time diagnostic data capture with directory '/Users/user/Documents/Maria/pymongo/db/diagnostic.data'
2020-01-22T15:43:55.874+0000 I  SHARDING [LogicalSessionCacheRefresh] Marking collection config.system.sessions as collection version: <unsharded>
2020-01-22T15:43:55.874+0000 I  NETWORK  [initandlisten] Listening on /tmp/mongodb-27017.sock
2020-01-22T15:43:55.876+0000 I  SHARDING [LogicalSessionCacheReap] Marking collection config.transactions as collection version: <unsharded>
2020-01-22T15:43:55.876+0000 I  NETWORK  [initandlisten] Listening on 127.0.0.1
2020-01-22T15:43:55.878+0000 I  NETWORK  [initandlisten] waiting for connections on port 27017
2020-01-22T15:43:56.015+0000 I  SHARDING [ftdc] Marking collection local.oplog.rs as collection version: <unsharded>
2020-01-22T15:44:00.734+0000 I  NETWORK  [listener] connection accepted from 127.0.0.1:53560 #1 (1 connection now open)
2020-01-22T15:44:00.735+0000 I  NETWORK  [conn1] received client metadata from 127.0.0.1:53560 conn1: { driver: { name: "PyMongo", version: "3.10.1" }, os: { type: "Darwin", name: "Darwin", architecture: "x86_64", version: "10.15.2" }, platform: "CPython 3.7.6.final.0" }
2020-01-22T15:44:00.736+0000 I  NETWORK  [listener] connection accepted from 127.0.0.1:53561 #2 (2 connections now open)
2020-01-22T15:44:00.737+0000 I  NETWORK  [conn2] received client metadata from 127.0.0.1:53561 conn2: { driver: { name: "PyMongo", version: "3.10.1" }, os: { type: "Darwin", name: "Darwin", architecture: "x86_64", version: "10.15.2" }, platform: "CPython 3.7.6.final.0" }
2020-01-22T15:44:00.738+0000 I  COMMAND  [conn2] CMD: drop maria.client
2020-01-22T15:44:00.739+0000 I  STORAGE  [conn2] Finishing collection drop for maria.client (9b8113a8-bb54-46b5-96ea-24d419f06060).
2020-01-22T15:44:01.040+0000 I  COMMAND  [conn2] command maria.client command: drop { drop: "client", lsid: { id: UUID("bcb64792-15cb-4445-812f-95c33dfa085e") }, $db: "maria", $readPreference: { mode: "primary" } } numYields:0 reslen:76 locks:{ ParallelBatchWriterMode: { acquireCount: { r: 1 } }, ReplicationStateTransition: { acquireCount: { w: 1 } }, Global: { acquireCount: { w: 1 } }, Database: { acquireCount: { w: 1 } }, Collection: { acquireCount: { W: 1 } }, Mutex: { acquireCount: { r: 1 } } } flowControl:{ acquireCount: 1 } storage:{} protocol:op_msg 302ms
2020-01-22T15:44:01.042+0000 I  SHARDING [conn2] Marking collection maria.client as collection version: <unsharded>
2020-01-22T15:44:01.043+0000 I  STORAGE  [conn2] createCollection: maria.client with generated UUID: d172b242-a6c4-44e1-b0d8-1d6e2bd836a7 and options: {}
2020-01-22T15:44:01.640+0000 I  INDEX    [conn2] index build: done building index _id_ on ns maria.client
2020-01-22T15:44:01.641+0000 I  COMMAND  [conn2] command maria.client command: insert { insert: "client", ordered: true, lsid: { id: UUID("bcb64792-15cb-4445-812f-95c33dfa085e") }, $db: "maria", $readPreference: { mode: "primary" } } ninserted:1 keysInserted:1 numYields:0 reslen:45 locks:{ ParallelBatchWriterMode: { acquireCount: { r: 3 } }, ReplicationStateTransition: { acquireCount: { w: 3 } }, Global: { acquireCount: { w: 3 } }, Database: { acquireCount: { w: 3 } }, Collection: { acquireCount: { r: 2, w: 2, W: 1 } }, Mutex: { acquireCount: { r: 5 } } } flowControl:{ acquireCount: 3 } storage:{} protocol:op_msg 598ms
2020-01-22T15:44:01.747+0000 I  NETWORK  [conn2] end connection 127.0.0.1:53561 (0 connections now open)
2020-01-22T15:44:01.747+0000 I  NETWORK  [conn1] end connection 127.0.0.1:53560 (1 connection now open)
